
--

[flutter] flutter doctor -v
[!] Flutter (Channel stable, 3.32.6, on Microsoft Windows [Version 10.0.26100.4652], locale ja-JP) [480ms]
    • Flutter version 3.32.6 on channel stable at C:\Users\kaito\flutter
    ! The flutter binary is not on your path. Consider adding C:\Users\kaito\flutter\bin to your path.
    ! The dart binary is not on your path. Consider adding C:\Users\kaito\flutter\bin to your path.
    • Upstream repository https://github.com/flutter/flutter.git
    • Framework revision 077b4a4ce1 (4 days ago), 2025-07-08 13:31:08 -0700
    • Engine revision 72f2b18bb0
    • Dart version 3.8.1
    • DevTools version 2.45.1
    • If those were intentional, you can disregard the above warnings; however it is recommended to use "git" directly to perform update checks and upgrades.

[√] Windows Version (11 Pro 64-bit, 24H2, 2009) [4.6s]

[!] Android toolchain - develop for Android devices (Android SDK version 36.0.0) [339ms]
    • Android SDK at C:\Users\kaito\AppData\Local\Android\sdk
    X cmdline-tools component is missing.
      Try installing or updating Android Studio.
      Alternatively, download the tools from https://developer.android.com/studio#command-line-tools-only and make sure to set the ANDROID_HOME environment variable.
      See https://developer.android.com/studio/command-line for more details.
    X Android license status unknown.
      Run `flutter doctor --android-licenses` to accept the SDK licenses.
      See https://flutter.dev/to/windows-android-setup for more details.

[√] Chrome - develop for the web [144ms]
    • Chrome at C:\Program Files\Google\Chrome\Application\chrome.exe

[√] Visual Studio - develop Windows apps (Visual Studio Community 2022 17.13.4) [143ms]
    • Visual Studio at C:\Program Files\Microsoft Visual Studio\2022\Community
    • Visual Studio Community 2022 version 17.13.35913.81
    • Windows 10 SDK version 10.0.22621.0

[√] Android Studio (version 2025.1.1) [26ms]
    • Android Studio at C:\Program Files\Android\Android Studio
    • Flutter plugin can be installed from:
       https://plugins.jetbrains.com/plugin/9212-flutter
    • Dart plugin can be installed from:
       https://plugins.jetbrains.com/plugin/6351-dart
    • Java version OpenJDK Runtime Environment (build 21.0.6+-13391695-b895.109)

[√] VS Code (version 1.102.0) [21ms]
    • VS Code at C:\Users\kaito\AppData\Local\Programs\Microsoft VS Code
    • Flutter extension version 3.114.0

[√] Connected device (3 available) [238ms]
    • Windows (desktop) • windows • windows-x64    • Microsoft Windows [Version 10.0.26100.4652]
    • Chrome (web)      • chrome  • web-javascript • Google Chrome 138.0.7204.101
    • Edge (web)        • edge    • web-javascript • Microsoft Edge 138.0.3351.83

[√] Network resources [374ms]
    • All expected network resources are available.

! Doctor found issues in 2 categories.
exit code 0
